# JRE version: Java(TM) SE Runtime Environment (17.0.6+9) (build 17.0.6+9-LTS-190)
# Java VM: Java HotSpot(TM) 64-Bit Server VM (17.0.6+9-LTS-190, mixed mode, sharing, tiered, compressed oops, compressed class ptrs, g1 gc, windows-amd64)
GC Precious Log:
 CPUs: 6 total, 6 available
 Memory: 7541M
 Large Page Support: Disabled
 NUMA Support: Disabled
 Compressed Oops: Enabled (32-bit)
 Heap Region Size: 1M
 Heap Min Capacity: 8M
 Heap Initial Capacity: 118M
 Heap Max Capacity: 1886M
 Pre-touch: Disabled
 Parallel Workers: 6
 Concurrent Workers: 2
 Concurrent Refinement Workers: 6
 Periodic GC: Disabled
Heap:
 garbage-first heap   total 48128K, used 24133K [0x000000008a200000, 0x0000000100000000)
  region size 1024K, 20 young (20480K), 8 survivors (8192K)
 Metaspace       used 23140K, committed 23360K, reserved 1073152K
  class space    used 2988K, committed 3072K, reserved 1048576K
GC Heap History (6 events):
Event: 0.569 GC heap before
{Heap before GC invocations=0 (full 0):
 garbage-first heap   total 120832K, used 20480K [0x000000008a200000, 0x0000000100000000)
  region size 1024K, 21 young (21504K), 0 survivors (0K)
 Metaspace       used 5180K, committed 5376K, reserved 1056768K
  class space    used 611K, committed 704K, reserved 1048576K
}
Event: 0.572 GC heap after
{Heap after GC invocations=1 (full 0):
 garbage-first heap   total 120832K, used 2886K [0x000000008a200000, 0x0000000100000000)
  region size 1024K, 3 young (3072K), 3 survivors (3072K)
 Metaspace       used 5180K, committed 5376K, reserved 1056768K
  class space    used 611K, committed 704K, reserved 1048576K
}
Event: 1.060 GC heap before
{Heap before GC invocations=1 (full 0):
 garbage-first heap   total 120832K, used 30534K [0x000000008a200000, 0x0000000100000000)
  region size 1024K, 31 young (31744K), 3 survivors (3072K)
 Metaspace       used 12750K, committed 12928K, reserved 1064960K
  class space    used 1893K, committed 1984K, reserved 1048576K
}
Event: 1.066 GC heap after
{Heap after GC invocations=2 (full 0):
 garbage-first heap   total 120832K, used 6769K [0x000000008a200000, 0x0000000100000000)
  region size 1024K, 4 young (4096K), 4 survivors (4096K)
 Metaspace       used 12750K, committed 12928K, reserved 1064960K
  class space    used 1893K, committed 1984K, reserved 1048576K
}
Event: 14.897 GC heap before
{Heap before GC invocations=2 (full 0):
 garbage-first heap   total 120832K, used 30321K [0x000000008a200000, 0x0000000100000000)
  region size 1024K, 26 young (26624K), 4 survivors (4096K)
 Metaspace       used 21299K, committed 21504K, reserved 1073152K
  class space    used 2820K, committed 2944K, reserved 1048576K
}
Event: 14.903 GC heap after
{Heap after GC invocations=3 (full 0):
 garbage-first heap   total 120832K, used 12869K [0x000000008a200000, 0x0000000100000000)
  region size 1024K, 8 young (8192K), 8 survivors (8192K)
 Metaspace       used 21299K, committed 21504K, reserved 1073152K
  class space    used 2820K, committed 2944K, reserved 1048576K
}

